Arguments: 
  D:\Software\nodejs\node.exe D:\Software\Yarn\bin\yarn.js add jqurey

PATH: 
  D:\Software\cmder\vendor\git-for-windows\mingw64\bin;D:\Software\cmder\vendor\git-for-windows\usr\bin;C:\Users\Administrator\bin;C:\Program Files\Common Files\Oracle\Java\javapath;C:\Program Files (x86)\Common Files\Intel\Shared Libraries\redist\intel64_win\compiler;C:\Program Files (x86)\Common Files\Intel\Shared Libraries\redist\intel64_win\compiler;C:\windows\system32;C:\windows;C:\windows\System32\Wbem;C:\windows\System32\WindowsPowerShell\v1.0;C:\windows\System32\OpenSSH;C:\Program Files\NVIDIA Corporation\NVIDIA NvDLISR;C:\Program Files (x86)\NVIDIA Corporation\PhysX\Common;D:\Software\nodejs;D:\Software\Yarn\bin;C:\Users\Administrator\AppData\Local\Microsoft\WindowsApps;F:\soft\bin;C:\Users\Administrator\AppData\Local\Programs\Microsoft VS Code\bin;C:\Users\Administrator\AppData\Roaming\npm;C:\Users\Administrator\AppData\Local\Yarn\bin

Yarn version: 
  1.22.5

Node version: 
  16.14.2

Platform: 
  win32 x64

Trace: 
  Error: https://registry.npm.taobao.org/jqurey: [NOT_FOUND] jqurey not found
      at Request.params.callback [as _callback] (D:\Software\Yarn\lib\cli.js:66097:18)
      at Request.self.callback (D:\Software\Yarn\lib\cli.js:140749:22)
      at Request.emit (node:events:526:28)
      at Request.<anonymous> (D:\Software\Yarn\lib\cli.js:141721:10)
      at Request.emit (node:events:526:28)
      at Gunzip.<anonymous> (D:\Software\Yarn\lib\cli.js:141643:12)
      at Object.onceWrapper (node:events:645:28)
      at Gunzip.emit (node:events:526:28)
      at endReadableNT (node:internal/streams/readable:1345:12)
      at processTicksAndRejections (node:internal/process/task_queues:83:21)

npm manifest: 
  {
    "name": "MVC-1",
    "version": "1.0.0",
    "main": "index.js",
    "license": "MIT"
  }

yarn manifest: 
  No manifest

Lockfile: 
  No lockfile
